<?xml version="1.0" encoding="UTF-8"?>
<!-- Generated by org.testng.reporters.JUnitReportReporter -->
<testsuite name="Test2" tests="2" time="0.001" ignored="2" failures="0" timestamp="14 мар 2017 18:34:56 GMT" skipped="0" hostname="Room3-5-PC" errors="0">
  <testcase name="secondTest" time="0.000" classname="Test2"/>
  <testcase name="firstTest" time="0.001" classname="Test2"/>
  <testcase name="secondTest" classname="Test1">
    <skipped/>
  </testcase> <!-- secondTest -->
  <testcase name="firstTest" classname="Test1">
    <skipped/>
  </testcase> <!-- firstTest -->
</testsuite> <!-- Test2 -->
